<?xml version="1.0" encoding="UTF-8"?>
<testng-results ignored="0" total="1" passed="1" failed="0" skipped="0">
  <reporter-output>
  </reporter-output>
  <suite started-at="2022-07-05T20:35:59 IST" name="Sanity" finished-at="2022-07-05T20:36:20 IST" duration-ms="20518">
    <groups>
    </groups>
    <test started-at="2022-07-05T20:35:59 IST" name="ChromeTest" finished-at="2022-07-05T20:36:20 IST" duration-ms="20518">
      <class name="testClass.FBLogIn">
        <test-method is-config="true" signature="launchBrowser(java.lang.String)[pri:0, instance:testClass.FBLogIn@c8c12ac]" started-at="2022-07-05T20:35:59 IST" name="launchBrowser" finished-at="2022-07-05T20:36:01 IST" duration-ms="1970" status="PASS">
          <params>
            <param index="0">
              <value>
                <![CDATA[Chrome]]>
              </value>
            </param>
          </params>
          <reporter-output>
          </reporter-output>
        </test-method> <!-- launchBrowser -->
        <test-method is-config="true" signature="beforeClass()[pri:0, instance:testClass.FBLogIn@c8c12ac]" started-at="2022-07-05T20:36:01 IST" name="beforeClass" finished-at="2022-07-05T20:36:01 IST" duration-ms="25" status="PASS">
          <reporter-output>
          </reporter-output>
        </test-method> <!-- beforeClass -->
        <test-method is-config="true" signature="beforeMethod()[pri:0, instance:testClass.FBLogIn@c8c12ac]" started-at="2022-07-05T20:36:01 IST" name="beforeMethod" finished-at="2022-07-05T20:36:09 IST" duration-ms="7307" status="PASS">
          <reporter-output>
          </reporter-output>
        </test-method> <!-- beforeMethod -->
        <test-method signature="login()[pri:0, instance:testClass.FBLogIn@c8c12ac]" started-at="2022-07-05T20:36:09 IST" name="login" finished-at="2022-07-05T20:36:12 IST" duration-ms="3200" status="PASS">
          <reporter-output>
          </reporter-output>
        </test-method> <!-- login -->
        <test-method is-config="true" signature="afterMathod()[pri:0, instance:testClass.FBLogIn@c8c12ac]" started-at="2022-07-05T20:36:12 IST" name="afterMathod" finished-at="2022-07-05T20:36:20 IST" duration-ms="7749" status="PASS">
          <reporter-output>
          </reporter-output>
        </test-method> <!-- afterMathod -->
        <test-method is-config="true" signature="Classafter()[pri:0, instance:testClass.FBLogIn@c8c12ac]" started-at="2022-07-05T20:36:20 IST" name="Classafter" finished-at="2022-07-05T20:36:20 IST" duration-ms="1" status="PASS">
          <reporter-output>
          </reporter-output>
        </test-method> <!-- Classafter -->
        <test-method is-config="true" signature="afterTest()[pri:0, instance:testClass.FBLogIn@c8c12ac]" started-at="2022-07-05T20:36:20 IST" name="afterTest" finished-at="2022-07-05T20:36:20 IST" duration-ms="230" status="PASS">
          <reporter-output>
          </reporter-output>
        </test-method> <!-- afterTest -->
      </class> <!-- testClass.FBLogIn -->
    </test> <!-- ChromeTest -->
  </suite> <!-- Sanity -->
</testng-results>
